<?xml version="1.0" encoding="UTF-8"?>
<!-- Generated by org.testng.reporters.JUnitReportReporter -->
<testsuite hostname="idea-PC" name="com.ajacus.test.PropertyCapsuleT06Test" tests="2" failures="0" timestamp="22 Apr 2018 13:03:27 GMT" time="17.786" errors="0">
  <testcase name="testVerifySignUpPage" time="4.042" classname="com.ajacus.test.PropertyCapsuleT06Test"/>
  <testcase name="testLaunchUrl" time="13.744" classname="com.ajacus.test.PropertyCapsuleT06Test"/>
</testsuite> <!-- com.ajacus.test.PropertyCapsuleT06Test -->
