<?xml version="1.0" encoding="UTF-8"?>
<!-- Generated by org.testng.reporters.JUnitReportReporter -->
<testsuite hostname="idea-PC" name="com.ajacus.test.PropertyCapsuleT03Test" tests="2" failures="0" timestamp="22 Apr 2018 11:24:10 GMT" time="10.951" errors="0">
  <testcase name="testLaunchUrl" time="9.558" classname="com.ajacus.test.PropertyCapsuleT03Test"/>
  <testcase name="testVerifySignUpPage" time="1.393" classname="com.ajacus.test.PropertyCapsuleT03Test"/>
</testsuite> <!-- com.ajacus.test.PropertyCapsuleT03Test -->
