<?xml version="1.0" encoding="UTF-8"?>
<!-- Generated by org.testng.reporters.JUnitReportReporter -->
<testsuite hostname="idea-PC" name="com.ajacus.test.PropertyCapsuleT02Test" tests="2" failures="0" timestamp="22 Apr 2018 11:23:46 GMT" time="18.376" errors="0">
  <testcase name="testLaunchUrl" time="17.045" classname="com.ajacus.test.PropertyCapsuleT02Test"/>
  <testcase name="testVerifySignUpPage" time="1.331" classname="com.ajacus.test.PropertyCapsuleT02Test"/>
</testsuite> <!-- com.ajacus.test.PropertyCapsuleT02Test -->
