<?xml version="1.0" encoding="UTF-8"?>
<!-- Generated by org.testng.reporters.JUnitReportReporter -->
<testsuite hostname="idea-PC" name="com.ajackus.test.PropertyCapsuleT02Test" tests="2" failures="0" timestamp="22 Apr 2018 17:31:22 GMT" time="18.920" errors="0">
  <testcase name="testLaunchUrl" time="14.658" classname="com.ajackus.test.PropertyCapsuleT02Test"/>
  <testcase name="testVerifySignUpPage" time="4.262" classname="com.ajackus.test.PropertyCapsuleT02Test"/>
</testsuite> <!-- com.ajackus.test.PropertyCapsuleT02Test -->
