<?xml version="1.0" encoding="UTF-8"?>
<!-- Generated by org.testng.reporters.JUnitReportReporter -->
<testsuite hostname="idea-PC" name="com.ajackus.test.PropertyCapsuleT06Test" tests="2" failures="0" timestamp="22 Apr 2018 17:30:00 GMT" time="21.328" errors="0">
  <testcase name="testVerifySignUpPage" time="4.370" classname="com.ajackus.test.PropertyCapsuleT06Test"/>
  <testcase name="testLaunchUrl" time="16.958" classname="com.ajackus.test.PropertyCapsuleT06Test"/>
</testsuite> <!-- com.ajackus.test.PropertyCapsuleT06Test -->
