<?xml version="1.0" encoding="UTF-8"?>
<!-- Generated by org.testng.reporters.JUnitReportReporter -->
<testsuite hostname="idea-PC" name="com.ajacus.test.PropertyCapsuleT04Test" tests="2" failures="0" timestamp="22 Apr 2018 12:23:50 GMT" time="12.402" errors="0">
  <testcase name="testVerifySignUpPage" time="1.579" classname="com.ajacus.test.PropertyCapsuleT04Test"/>
  <testcase name="testLaunchUrl" time="10.823" classname="com.ajacus.test.PropertyCapsuleT04Test"/>
</testsuite> <!-- com.ajacus.test.PropertyCapsuleT04Test -->
