<?xml version="1.0" encoding="UTF-8"?>
<!-- Generated by org.testng.reporters.JUnitReportReporter -->
<testsuite hostname="idea-PC" name="com.ajacus.test.PropertyCapsuleTest" tests="4" failures="0" timestamp="22 Apr 2018 11:23:38 GMT" time="22.858" errors="0">
  <testcase name="testSignUp" time="0.132" classname="com.ajacus.test.PropertyCapsuleTest"/>
  <testcase name="testWaitForUserPage" time="22.230" classname="com.ajacus.test.PropertyCapsuleTest"/>
  <testcase name="enterDetails" time="0.393" classname="com.ajacus.test.PropertyCapsuleTest"/>
  <testcase name="testWaitForSignUpPage" time="0.103" classname="com.ajacus.test.PropertyCapsuleTest"/>
</testsuite> <!-- com.ajacus.test.PropertyCapsuleTest -->
