<?xml version="1.0" encoding="UTF-8"?>
<!-- Generated by org.testng.reporters.JUnitReportReporter -->
<testsuite hostname="idea-PC" name="com.ajacus.test.PropertyCapsuleT05Test" tests="2" failures="0" timestamp="22 Apr 2018 12:31:27 GMT" time="19.322" errors="0">
  <testcase name="testVerifySignUpPage" time="1.475" classname="com.ajacus.test.PropertyCapsuleT05Test"/>
  <testcase name="testLaunchUrl" time="17.847" classname="com.ajacus.test.PropertyCapsuleT05Test"/>
</testsuite> <!-- com.ajacus.test.PropertyCapsuleT05Test -->
